<?xml version="1.0" encoding="UTF-8"?>
<!-- Generated by org.testng.reporters.JUnitReportReporter -->
<testsuite hostname="DESKTOP-G477JKH" failures="0" tests="7" name="testcases.Login" time="59.386" errors="0" timestamp="2024-05-06T20:42:46 EEST" skipped="0">
  <testcase classname="testcases.Login" name="verifyLoginWithValidCredentials" time="8.863"/>
  <system-out/>
  <testcase classname="testcases.Login" name="verifyLoginWithValidCredentials" time="8.629"/>
  <system-out/>
  <testcase classname="testcases.Login" name="verifyLoginWithValidCredentials" time="9.213"/>
  <system-out/>
  <testcase classname="testcases.Login" name="verifyLoginWithInvalidCredentials" time="9.205"/>
  <system-out/>
  <testcase classname="testcases.Login" name="verifyLoginWitnInvalidEmailAndValidPassword" time="7.629"/>
  <system-out/>
  <testcase classname="testcases.Login" name="verifyLoginWithValidEmailAddressAndInvalidPassword" time="8.139"/>
  <system-out/>
  <testcase classname="testcases.Login" name="verifyLoginWithoutProvidingAnyCredentials" time="7.708"/>
  <system-out/>
</testsuite> <!-- testcases.Login -->
