<?xml version="1.0" encoding="UTF-8"?>
<!-- Generated by org.testng.reporters.JUnitReportReporter -->
<testsuite hostname="DESKTOP-G477JKH" failures="0" tests="4" name="testcases.Register" time="42.229" errors="0" timestamp="2024-05-06T20:42:46 EEST" skipped="0">
  <testcase classname="testcases.Register" name="verifyRegisteringAnAccountWithMandatoryFields" time="10.868"/>
  <system-out/>
  <testcase classname="testcases.Register" name="verifyRegisteringAnAccountByProvidingAllFields" time="10.702"/>
  <system-out/>
  <testcase classname="testcases.Register" name="verifyRegisteringAnAccountWithExistingEmailAddress" time="9.821"/>
  <system-out/>
  <testcase classname="testcases.Register" name="verifyRegisteringAnAccountWitoutFillingAnyCredentials" time="10.838"/>
  <system-out/>
</testsuite> <!-- testcases.Register -->
