<?xml version="1.0" encoding="UTF-8"?>
<!-- Generated by org.testng.reporters.JUnitReportReporter -->
<testsuite hostname="DESKTOP-G477JKH" failures="0" tests="1" name="testcases.SearchTest" time="9.788" errors="0" timestamp="2024-05-07T16:42:21 EEST" skipped="0">
  <testcase classname="testcases.SearchTest" name="verifySearchWithInvalidProduct" time="9.788"/>
  <system-out/>
</testsuite> <!-- testcases.SearchTest -->
