<?xml version="1.0" encoding="UTF-8"?>
<!-- Generated by org.testng.reporters.JUnitReportReporter -->
<testsuite hostname="DESKTOP-G477JKH" failures="0" tests="3" name="testcases.Search" time="23.118" errors="0" timestamp="2024-05-06T20:42:46 EEST" skipped="0">
  <testcase classname="testcases.Search" name="verifySearchWithValidProduct" time="7.957"/>
  <system-out/>
  <testcase classname="testcases.Search" name="verifySearchWithInvalidProduct" time="7.778"/>
  <system-out/>
  <testcase classname="testcases.Search" name="verifySearchWithoutAnyProduct" time="7.383"/>
  <system-out/>
</testsuite> <!-- testcases.Search -->
